#-----------------------------#
#           PreTexT           #
#                             #
#    Implemented by LABIC     #
#-----------------------------#

#======== PARAMETERS =========#
 language     = en
 directory    = ../dataset/economics/result
 log file     = pretext.log

#-----------------------------#
#           Maid.pm           #
#-----------------------------#

#======== PARAMETERS =========#
 html clear   = ENABLED
 number clear = ENABLED
 simbol clear = ENABLED
 stoplist     = ENABLED
  > directory = stoplist
  > stopfile  = stoplist/ingl.xml
 stemming     = ENABLED
  > directory = steminfo
#-----------------------------#
#           PreTexT           #
#                             #
#    Implemented by LABIC     #
#-----------------------------#

#======== PARAMETERS =========#
 language     = en
 directory    = ../../dataset/economics/result
 log file     = pretext.log

#-----------------------------#
#           Maid.pm           #
#-----------------------------#

#======== PARAMETERS =========#
 html clear   = ENABLED
 number clear = ENABLED
 simbol clear = ENABLED
 stoplist     = ENABLED
  > directory = stoplist
  > stopfile  = stoplist/ingl.xml
 stemming     = ENABLED
  > directory = steminfo

    ### STOP LIST ###
    Total StopWords 572
    Total StopFiles 1

Maid            :..........:..........:..........:..........:..........: OK

#-----------------------------#
#          NGram.pm           #
#-----------------------------#

#======== PARAMETERS =========#
 directory    = ngraminfo
  1-Gram      = ENABLED

Criando 1Gram   :..........:..........:..........:..........:..........: OK

#-----------------------------#
#          Report.pm          #
#-----------------------------#

#======== PARAMETERS =========#
 NGram Dir    = ngraminfo
 Discover Dir = discover
 Graphics Dir = graphics
 Taxonomy     = taxonomia.txt
  1-Gram      = ENABLED
   > Max      = 500
   > Min      = 10
   > Measure  = tfidf

    ### Taxonomy was NOT Loaded ###

#------ 1-Gram -----#
1Gram.all       :..........:..........:..........:..........:..........: OK
 Cut with user defined restriction max = 500                 559
 Cut with user defined restriction min = 10                  35332
 Number of 1-gram loaded from ngraminfo/1Gram.all            9188

1Gram.txt       :..........:..........:..........:..........:..........: OK
 graphics/1-StdDev.dat created!
 graphics/1-StdDevFF.dat created!
 graphics/1-GnuPlot.script created!

Loading TF-IDF
Writing Measure :..........:..........:..........:..........:..........: OK

======= Summary =======
   N-Gram   : 1
Total Stems : 9188
Total Texts : 16212
-----------------------

Matrix Density                                               1929.35

#--- Discovery Table ---#
#-----------------------------#
#           PreTexT           #
#                             #
#    Implemented by LABIC     #
#-----------------------------#

#======== PARAMETERS =========#
 language     = en
 directory    = ../../dataset/economics/result
 log file     = pretext.log

#-----------------------------#
#           Maid.pm           #
#-----------------------------#

#======== PARAMETERS =========#
 html clear   = ENABLED
 number clear = ENABLED
 simbol clear = ENABLED
 stoplist     = ENABLED
  > directory = stoplist
  > stopfile  = stoplist/ingl.xml
 stemming     = ENABLED
  > directory = steminfo

    ### STOP LIST ###
    Total StopWords 572
    Total StopFiles 1

Maid            :..........:..........:..........:..........:..........: OK

#-----------------------------#
#          NGram.pm           #
#-----------------------------#

#======== PARAMETERS =========#
 directory    = ngraminfo
  1-Gram      = ENABLED

Criando 1Gram   :..........:..........:..........:..........:..........: OK

#-----------------------------#
#          Report.pm          #
#-----------------------------#

#======== PARAMETERS =========#
 NGram Dir    = ngraminfo
 Discover Dir = discover
 Graphics Dir = graphics
 Taxonomy     = taxonomia.txt
  1-Gram      = ENABLED
   > Max      = 500
   > Min      = 10
   > Measure  = tfidf

    ### Taxonomy was NOT Loaded ###

#------ 1-Gram -----#
1Gram.all       :..........:..........:..........:..........:..........: OK
 Cut with user defined restriction max = 500                 39
 Cut with user defined restriction min = 10                  3887
 Number of 1-gram loaded from ngraminfo/1Gram.all            938

1Gram.txt       :..........:..........:..........:..........:..........: OK
 graphics/1-StdDev.dat created!
 graphics/1-StdDevFF.dat created!
 graphics/1-GnuPlot.script created!

Loading TF-IDF
Writing Measure :..........:..........:..........:..........:..........: OK

======= Summary =======
   N-Gram   : 1
Total Stems : 938
Total Texts : 7987
-----------------------

Matrix Density                                               605.87

#--- Discovery Table ---#
Discover Data   :..........:..........:..........:..........:..........: OK
Number of Texts                                              7987
Discover Names  :..........:..........:..........:..........:..........: OK
Number of Stems                                              938

#-------------------#
Total Time: 63
#-------------------#

#-----------------------------#
#           PreTexT           #
#                             #
#    Implemented by LABIC     #
#-----------------------------#

#======== PARAMETERS =========#
 language     = en
 directory    = ../../dataset/economics/result
 log file     = pretext.log

#-----------------------------#
#           Maid.pm           #
#-----------------------------#

#======== PARAMETERS =========#
 html clear   = ENABLED
 number clear = ENABLED
 simbol clear = ENABLED
 stoplist     = ENABLED
  > directory = stoplist
  > stopfile  = stoplist/ingl.xml
 stemming     = ENABLED
  > directory = steminfo

    ### STOP LIST ###
    Total StopWords 572
    Total StopFiles 1

